<?xml version="1.0" encoding="UTF-8"?>
<!-- Generated by org.testng.reporters.JUnitReportReporter -->
<testsuite hostname="BLRKEC342081L" failures="0" tests="1" name="zestMoneyAssignmentTest" time="7.412" errors="0" timestamp="2020-08-17T21:10:56 IST" skipped="0">
  <testcase classname="zestMoneyAssignmentTest" name="compareJSONResponses" time="7.412"/>
  <system-out/>
</testsuite> <!-- zestMoneyAssignmentTest -->
